16:21:15.873 15/10/2024 [background-preinit] INFO  org.hibernate.validator.internal.util.Version - HV000001: Hibernate Validator 8.0.1.Final
16:21:15.953 15/10/2024 [main] INFO  BackEnd.BackEndApplication - Starting BackEndApplication using Java 21.0.1 with PID 30624 (C:\Users\Tuan Hung\Desktop\Workspace\Project freelance\Project-freelance-001\BackEnd\target\classes started by Tuan Hung in C:\Users\Tuan Hung\Desktop\Workspace\Project freelance\Project-freelance-001\BackEnd)
16:21:15.957 15/10/2024 [main] INFO  BackEnd.BackEndApplication - No active profile set, falling back to 1 default profile: "default"
16:21:17.699 15/10/2024 [main] INFO  org.springframework.data.repository.config.RepositoryConfigurationDelegate - Bootstrapping Spring Data JPA repositories in DEFAULT mode.
16:21:17.929 15/10/2024 [main] INFO  org.springframework.data.repository.config.RepositoryConfigurationDelegate - Finished Spring Data repository scanning in 223 ms. Found 27 JPA repository interfaces.
16:21:19.209 15/10/2024 [main] INFO  org.springframework.boot.web.embedded.tomcat.TomcatWebServer - Tomcat initialized with port 8080 (http)
16:21:19.220 15/10/2024 [main] INFO  org.apache.coyote.http11.Http11NioProtocol - Initializing ProtocolHandler ["http-nio-8080"]
16:21:19.222 15/10/2024 [main] INFO  org.apache.catalina.core.StandardService - Starting service [Tomcat]
16:21:19.223 15/10/2024 [main] INFO  org.apache.catalina.core.StandardEngine - Starting Servlet engine: [Apache Tomcat/10.1.24]
16:21:19.303 15/10/2024 [main] INFO  org.apache.catalina.core.ContainerBase.[Tomcat].[localhost].[/] - Initializing Spring embedded WebApplicationContext
16:21:19.309 15/10/2024 [main] INFO  org.springframework.boot.web.servlet.context.ServletWebServerApplicationContext - Root WebApplicationContext: initialization completed in 3260 ms
16:21:19.921 15/10/2024 [main] INFO  com.zaxxer.hikari.HikariDataSource - HikariPool-1 - Starting...
16:21:20.478 15/10/2024 [main] INFO  com.zaxxer.hikari.pool.HikariPool - HikariPool-1 - Added connection com.mysql.cj.jdbc.ConnectionImpl@55f6f965
16:21:20.480 15/10/2024 [main] INFO  com.zaxxer.hikari.HikariDataSource - HikariPool-1 - Start completed.
16:21:20.546 15/10/2024 [main] INFO  org.hibernate.jpa.internal.util.LogHelper - HHH000204: Processing PersistenceUnitInfo [name: default]
16:21:20.630 15/10/2024 [main] INFO  org.hibernate.Version - HHH000412: Hibernate ORM core version 6.5.2.Final
16:21:20.676 15/10/2024 [main] INFO  org.hibernate.cache.internal.RegionFactoryInitiator - HHH000026: Second-level cache disabled
16:21:21.157 15/10/2024 [main] INFO  org.springframework.orm.jpa.persistenceunit.SpringPersistenceUnitInfo - No LoadTimeWeaver setup: ignoring JPA class transformer
16:21:22.776 15/10/2024 [main] INFO  org.hibernate.engine.transaction.jta.platform.internal.JtaPlatformInitiator - HHH000489: No JTA platform available (set 'hibernate.transaction.jta.platform' to enable JTA platform integration)
16:21:22.778 15/10/2024 [main] INFO  org.springframework.orm.jpa.LocalContainerEntityManagerFactoryBean - Initialized JPA EntityManagerFactory for persistence unit 'default'
16:21:23.457 15/10/2024 [main] INFO  org.springframework.data.jpa.repository.query.QueryEnhancerFactory - Hibernate is in classpath; If applicable, HQL parser will be used.
16:21:23.954 15/10/2024 [main] INFO  org.springframework.security.config.annotation.authentication.configuration.InitializeAuthenticationProviderBeanManagerConfigurer$InitializeAuthenticationProviderManagerConfigurer - Global AuthenticationManager configured with AuthenticationProvider bean with name authenticationProvider
16:21:23.955 15/10/2024 [main] WARN  org.springframework.security.config.annotation.authentication.configuration.InitializeUserDetailsBeanManagerConfigurer$InitializeUserDetailsManagerConfigurer - Global AuthenticationManager configured with an AuthenticationProvider bean. UserDetailsService beans will not be used for username/password login. Consider removing the AuthenticationProvider bean. Alternatively, consider using the UserDetailsService in a manually instantiated DaoAuthenticationProvider.
16:21:25.146 15/10/2024 [main] WARN  org.springframework.boot.autoconfigure.orm.jpa.JpaBaseConfiguration$JpaWebConfiguration - spring.jpa.open-in-view is enabled by default. Therefore, database queries may be performed during view rendering. Explicitly configure spring.jpa.open-in-view to disable this warning
16:21:25.845 15/10/2024 [main] INFO  org.springframework.boot.actuate.endpoint.web.EndpointLinksResolver - Exposing 1 endpoint beneath base path '/actuator'
16:21:26.074 15/10/2024 [main] INFO  org.springframework.security.web.DefaultSecurityFilterChain - Will secure any request with [org.springframework.security.web.session.DisableEncodeUrlFilter@50e60544, org.springframework.security.web.context.request.async.WebAsyncManagerIntegrationFilter@334f130d, org.springframework.security.web.context.SecurityContextHolderFilter@53a95744, org.springframework.security.web.header.HeaderWriterFilter@424ddcb0, org.springframework.web.filter.CorsFilter@2ba70002, org.springframework.security.web.authentication.logout.LogoutFilter@1b8354aa, org.springframework.security.oauth2.client.web.OAuth2AuthorizationRequestRedirectFilter@1f0630a9, org.springframework.security.oauth2.client.web.OAuth2LoginAuthenticationFilter@772739ee, BackEnd.Configure.WebSecurity.JWTAuthorizationFilter@3d53e876, BackEnd.Configure.WebSecurity.LogoutAuthFilter@27acd9a7, org.springframework.security.web.authentication.www.BasicAuthenticationFilter@4e572e47, org.springframework.security.web.savedrequest.RequestCacheAwareFilter@44ebd5e9, org.springframework.security.web.servletapi.SecurityContextHolderAwareRequestFilter@592e7718, org.springframework.security.web.authentication.AnonymousAuthenticationFilter@75b18097, org.springframework.security.web.session.SessionManagementFilter@11ab8594, org.springframework.security.web.access.ExceptionTranslationFilter@49f35dcc, org.springframework.security.web.access.intercept.AuthorizationFilter@29cf36fb]
16:21:26.394 15/10/2024 [main] WARN  org.springframework.boot.autoconfigure.thymeleaf.ThymeleafAutoConfiguration$DefaultTemplateResolverConfiguration - Cannot find template location: classpath:/templates/ (please add some templates, check your Thymeleaf configuration, or set spring.thymeleaf.check-template-location=false)
16:21:26.702 15/10/2024 [main] INFO  org.apache.coyote.http11.Http11NioProtocol - Starting ProtocolHandler ["http-nio-8080"]
16:21:26.717 15/10/2024 [main] INFO  org.springframework.boot.web.embedded.tomcat.TomcatWebServer - Tomcat started on port 8080 (http) with context path '/'
16:21:26.736 15/10/2024 [main] INFO  BackEnd.BackEndApplication - Started BackEndApplication in 11.467 seconds (process running for 12.733)
16:23:01.375 15/10/2024 [SpringApplicationShutdownHook] INFO  org.springframework.orm.jpa.LocalContainerEntityManagerFactoryBean - Closing JPA EntityManagerFactory for persistence unit 'default'
16:23:01.376 15/10/2024 [SpringApplicationShutdownHook] INFO  com.zaxxer.hikari.HikariDataSource - HikariPool-1 - Shutdown initiated...
16:23:01.389 15/10/2024 [SpringApplicationShutdownHook] INFO  com.zaxxer.hikari.HikariDataSource - HikariPool-1 - Shutdown completed.
16:23:07.367 15/10/2024 [background-preinit] INFO  org.hibernate.validator.internal.util.Version - HV000001: Hibernate Validator 8.0.1.Final
16:23:07.435 15/10/2024 [main] INFO  BackEnd.BackEndApplication - Starting BackEndApplication using Java 21.0.1 with PID 27980 (C:\Users\Tuan Hung\Desktop\Workspace\Project freelance\Project-freelance-001\BackEnd\target\classes started by Tuan Hung in C:\Users\Tuan Hung\Desktop\Workspace\Project freelance\Project-freelance-001\BackEnd)
16:23:07.440 15/10/2024 [main] INFO  BackEnd.BackEndApplication - No active profile set, falling back to 1 default profile: "default"
16:23:09.360 15/10/2024 [main] INFO  org.springframework.data.repository.config.RepositoryConfigurationDelegate - Bootstrapping Spring Data JPA repositories in DEFAULT mode.
16:23:09.605 15/10/2024 [main] INFO  org.springframework.data.repository.config.RepositoryConfigurationDelegate - Finished Spring Data repository scanning in 216 ms. Found 27 JPA repository interfaces.
16:23:10.839 15/10/2024 [main] INFO  org.springframework.boot.web.embedded.tomcat.TomcatWebServer - Tomcat initialized with port 8080 (http)
16:23:10.853 15/10/2024 [main] INFO  org.apache.coyote.http11.Http11NioProtocol - Initializing ProtocolHandler ["http-nio-8080"]
16:23:10.867 15/10/2024 [main] INFO  org.apache.catalina.core.StandardService - Starting service [Tomcat]
16:23:10.868 15/10/2024 [main] INFO  org.apache.catalina.core.StandardEngine - Starting Servlet engine: [Apache Tomcat/10.1.24]
16:23:10.951 15/10/2024 [main] INFO  org.apache.catalina.core.ContainerBase.[Tomcat].[localhost].[/] - Initializing Spring embedded WebApplicationContext
16:23:10.955 15/10/2024 [main] INFO  org.springframework.boot.web.servlet.context.ServletWebServerApplicationContext - Root WebApplicationContext: initialization completed in 3433 ms
16:23:11.691 15/10/2024 [main] INFO  com.zaxxer.hikari.HikariDataSource - HikariPool-1 - Starting...
16:23:12.163 15/10/2024 [main] INFO  com.zaxxer.hikari.pool.HikariPool - HikariPool-1 - Added connection com.mysql.cj.jdbc.ConnectionImpl@56ba8e8c
16:23:12.165 15/10/2024 [main] INFO  com.zaxxer.hikari.HikariDataSource - HikariPool-1 - Start completed.
16:23:12.215 15/10/2024 [main] INFO  org.hibernate.jpa.internal.util.LogHelper - HHH000204: Processing PersistenceUnitInfo [name: default]
16:23:12.277 15/10/2024 [main] INFO  org.hibernate.Version - HHH000412: Hibernate ORM core version 6.5.2.Final
16:23:12.337 15/10/2024 [main] INFO  org.hibernate.cache.internal.RegionFactoryInitiator - HHH000026: Second-level cache disabled
16:23:12.868 15/10/2024 [main] INFO  org.springframework.orm.jpa.persistenceunit.SpringPersistenceUnitInfo - No LoadTimeWeaver setup: ignoring JPA class transformer
16:23:14.611 15/10/2024 [main] INFO  org.hibernate.engine.transaction.jta.platform.internal.JtaPlatformInitiator - HHH000489: No JTA platform available (set 'hibernate.transaction.jta.platform' to enable JTA platform integration)
16:23:14.615 15/10/2024 [main] INFO  org.springframework.orm.jpa.LocalContainerEntityManagerFactoryBean - Initialized JPA EntityManagerFactory for persistence unit 'default'
16:23:15.502 15/10/2024 [main] INFO  org.springframework.data.jpa.repository.query.QueryEnhancerFactory - Hibernate is in classpath; If applicable, HQL parser will be used.
16:23:16.123 15/10/2024 [main] INFO  org.springframework.security.config.annotation.authentication.configuration.InitializeAuthenticationProviderBeanManagerConfigurer$InitializeAuthenticationProviderManagerConfigurer - Global AuthenticationManager configured with AuthenticationProvider bean with name authenticationProvider
16:23:16.125 15/10/2024 [main] WARN  org.springframework.security.config.annotation.authentication.configuration.InitializeUserDetailsBeanManagerConfigurer$InitializeUserDetailsManagerConfigurer - Global AuthenticationManager configured with an AuthenticationProvider bean. UserDetailsService beans will not be used for username/password login. Consider removing the AuthenticationProvider bean. Alternatively, consider using the UserDetailsService in a manually instantiated DaoAuthenticationProvider.
16:23:17.210 15/10/2024 [main] WARN  org.springframework.boot.autoconfigure.orm.jpa.JpaBaseConfiguration$JpaWebConfiguration - spring.jpa.open-in-view is enabled by default. Therefore, database queries may be performed during view rendering. Explicitly configure spring.jpa.open-in-view to disable this warning
16:23:17.974 15/10/2024 [main] INFO  org.springframework.boot.actuate.endpoint.web.EndpointLinksResolver - Exposing 1 endpoint beneath base path '/actuator'
16:23:18.236 15/10/2024 [main] INFO  org.springframework.security.web.DefaultSecurityFilterChain - Will secure any request with [org.springframework.security.web.session.DisableEncodeUrlFilter@39a2973d, org.springframework.security.web.context.request.async.WebAsyncManagerIntegrationFilter@1f0630a9, org.springframework.security.web.context.SecurityContextHolderFilter@424ddcb0, org.springframework.security.web.header.HeaderWriterFilter@22aeac34, org.springframework.web.filter.CorsFilter@19ac267e, org.springframework.security.web.authentication.logout.LogoutFilter@5a74d858, org.springframework.security.oauth2.client.web.OAuth2AuthorizationRequestRedirectFilter@1d5e16a9, org.springframework.security.oauth2.client.web.OAuth2LoginAuthenticationFilter@2b831846, BackEnd.Configure.WebSecurity.JWTAuthorizationFilter@22aefae0, BackEnd.Configure.WebSecurity.LogoutAuthFilter@28d48616, org.springframework.security.web.authentication.www.BasicAuthenticationFilter@a6bd353, org.springframework.security.web.savedrequest.RequestCacheAwareFilter@5ed2af52, org.springframework.security.web.servletapi.SecurityContextHolderAwareRequestFilter@1a7186ef, org.springframework.security.web.authentication.AnonymousAuthenticationFilter@74bca3db, org.springframework.security.web.session.SessionManagementFilter@79849cab, org.springframework.security.web.access.ExceptionTranslationFilter@10378c35, org.springframework.security.web.access.intercept.AuthorizationFilter@2b52e068]
16:23:18.549 15/10/2024 [main] WARN  org.springframework.boot.autoconfigure.thymeleaf.ThymeleafAutoConfiguration$DefaultTemplateResolverConfiguration - Cannot find template location: classpath:/templates/ (please add some templates, check your Thymeleaf configuration, or set spring.thymeleaf.check-template-location=false)
16:23:18.826 15/10/2024 [main] INFO  org.apache.coyote.http11.Http11NioProtocol - Starting ProtocolHandler ["http-nio-8080"]
16:23:18.841 15/10/2024 [main] INFO  org.springframework.boot.web.embedded.tomcat.TomcatWebServer - Tomcat started on port 8080 (http) with context path '/'
16:23:18.854 15/10/2024 [main] INFO  BackEnd.BackEndApplication - Started BackEndApplication in 12.016 seconds (process running for 13.272)
16:23:36.843 15/10/2024 [http-nio-8080-exec-2] INFO  org.apache.catalina.core.ContainerBase.[Tomcat].[localhost].[/] - Initializing Spring DispatcherServlet 'dispatcherServlet'
16:23:36.844 15/10/2024 [http-nio-8080-exec-2] INFO  org.springframework.web.servlet.DispatcherServlet - Initializing Servlet 'dispatcherServlet'
16:23:36.847 15/10/2024 [http-nio-8080-exec-2] INFO  org.springframework.web.servlet.DispatcherServlet - Completed initialization in 3 ms
16:23:37.126 15/10/2024 [http-nio-8080-exec-2] DEBUG org.hibernate.SQL - 
    select
        ui1_0.Id 
    from
        UserInformation ui1_0 
    where
        ui1_0.Email=? 
    limit
        ?
16:23:48.388 15/10/2024 [http-nio-8080-exec-4] DEBUG org.hibernate.SQL - 
    select
        ui1_0.Id 
    from
        UserInformation ui1_0 
    where
        ui1_0.Email=? 
    limit
        ?
16:23:48.449 15/10/2024 [http-nio-8080-exec-4] DEBUG org.hibernate.SQL - 
    insert 
    into
        UserInformation
        (Address, Birthday, Email, Fullname, Gender, PhoneNumber) 
    values
        (?, ?, ?, ?, ?, ?)
16:23:48.560 15/10/2024 [http-nio-8080-exec-4] DEBUG org.hibernate.SQL - 
    insert 
    into
        Account
        (Active, CreateAt, password, Role, Status, Type, UserInformationId) 
    values
        (?, ?, ?, ?, ?, ?, ?)
16:23:48.591 15/10/2024 [http-nio-8080-exec-4] DEBUG org.hibernate.SQL - 
    select
        tt1_0.id,
        tt1_0.tokenTypeName 
    from
        TokenType tt1_0 
    where
        tt1_0.id=?
16:23:48.705 15/10/2024 [http-nio-8080-exec-4] DEBUG org.hibernate.SQL - 
    DELETE 
    FROM
        Token t 
    WHERE
        t.accountId = ? 
        AND t.tokenTypeId = ?
16:23:48.716 15/10/2024 [http-nio-8080-exec-4] DEBUG org.hibernate.SQL - 
    insert 
    into
        Token
        (accountId, CreateTime, expiration, token, tokenTypeId) 
    values
        (?, ?, ?, ?, ?)
16:23:48.740 15/10/2024 [http-nio-8080-exec-4] DEBUG org.hibernate.SQL - 
    select
        a1_0.id,
        a1_0.Active,
        a1_0.CreateAt,
        a1_0.password,
        a1_0.Role,
        a1_0.Status,
        a1_0.Type,
        a1_0.UserInformationId 
    from
        Account a1_0 
    left join
        UserInformation ui1_0 
            on ui1_0.Id=a1_0.UserInformationId 
    where
        ui1_0.Email=?
16:23:48.752 15/10/2024 [http-nio-8080-exec-4] DEBUG org.hibernate.SQL - 
    select
        t1_0.id,
        t1_0.accountId,
        t1_0.CreateTime,
        t1_0.expiration,
        t1_0.token,
        t1_0.tokenTypeId 
    from
        Token t1_0 
    where
        t1_0.accountId=? 
        and t1_0.tokenTypeId=? 
    order by
        t1_0.CreateTime desc 
    limit
        1
16:24:02.783 15/10/2024 [http-nio-8080-exec-4] INFO  BackEnd.Controller.AccountController.AuthController - Tài khoản hungnt.020404@gmail.com được khởi tạo vào thời gian 2024-10-15T16:23:48.476290
16:24:27.824 15/10/2024 [SpringApplicationShutdownHook] INFO  org.springframework.orm.jpa.LocalContainerEntityManagerFactoryBean - Closing JPA EntityManagerFactory for persistence unit 'default'
16:24:27.826 15/10/2024 [SpringApplicationShutdownHook] INFO  com.zaxxer.hikari.HikariDataSource - HikariPool-1 - Shutdown initiated...
16:24:27.840 15/10/2024 [SpringApplicationShutdownHook] INFO  com.zaxxer.hikari.HikariDataSource - HikariPool-1 - Shutdown completed.
