14:10:16.951 21/10/2024 [background-preinit] INFO  org.hibernate.validator.internal.util.Version - HV000001: Hibernate Validator 8.0.1.Final
14:10:16.994 21/10/2024 [main] INFO  BackEnd.BackEndApplication - Starting BackEndApplication using Java 21.0.4 with PID 19708 (D:\freeland\Project-freelance-001\BackEnd\target\classes started by nguye in D:\freeland\Project-freelance-001)
14:10:16.999 21/10/2024 [main] INFO  BackEnd.BackEndApplication - No active profile set, falling back to 1 default profile: "default"
14:10:18.265 21/10/2024 [main] INFO  org.springframework.data.repository.config.RepositoryConfigurationDelegate - Bootstrapping Spring Data JPA repositories in DEFAULT mode.
14:10:18.419 21/10/2024 [main] INFO  org.springframework.data.repository.config.RepositoryConfigurationDelegate - Finished Spring Data repository scanning in 148 ms. Found 26 JPA repository interfaces.
14:10:19.185 21/10/2024 [main] INFO  org.springframework.boot.web.embedded.tomcat.TomcatWebServer - Tomcat initialized with port 8080 (http)
14:10:19.199 21/10/2024 [main] INFO  org.apache.coyote.http11.Http11NioProtocol - Initializing ProtocolHandler ["http-nio-8080"]
14:10:19.201 21/10/2024 [main] INFO  org.apache.catalina.core.StandardService - Starting service [Tomcat]
14:10:19.202 21/10/2024 [main] INFO  org.apache.catalina.core.StandardEngine - Starting Servlet engine: [Apache Tomcat/10.1.24]
14:10:19.265 21/10/2024 [main] INFO  org.apache.catalina.core.ContainerBase.[Tomcat].[localhost].[/api] - Initializing Spring embedded WebApplicationContext
14:10:19.266 21/10/2024 [main] INFO  org.springframework.boot.web.servlet.context.ServletWebServerApplicationContext - Root WebApplicationContext: initialization completed in 2221 ms
14:10:19.667 21/10/2024 [main] INFO  com.zaxxer.hikari.HikariDataSource - HikariPool-1 - Starting...
14:10:29.763 21/10/2024 [main] INFO  com.zaxxer.hikari.pool.HikariPool - HikariPool-1 - Added connection com.mysql.cj.jdbc.ConnectionImpl@579dde54
14:10:29.765 21/10/2024 [main] INFO  com.zaxxer.hikari.HikariDataSource - HikariPool-1 - Start completed.
14:10:29.808 21/10/2024 [main] INFO  org.hibernate.jpa.internal.util.LogHelper - HHH000204: Processing PersistenceUnitInfo [name: default]
14:10:29.882 21/10/2024 [main] INFO  org.hibernate.Version - HHH000412: Hibernate ORM core version 6.5.2.Final
14:10:29.923 21/10/2024 [main] INFO  org.hibernate.cache.internal.RegionFactoryInitiator - HHH000026: Second-level cache disabled
14:10:30.226 21/10/2024 [main] INFO  org.springframework.orm.jpa.persistenceunit.SpringPersistenceUnitInfo - No LoadTimeWeaver setup: ignoring JPA class transformer
14:10:31.588 21/10/2024 [main] INFO  org.hibernate.engine.transaction.jta.platform.internal.JtaPlatformInitiator - HHH000489: No JTA platform available (set 'hibernate.transaction.jta.platform' to enable JTA platform integration)
14:10:31.592 21/10/2024 [main] INFO  org.springframework.orm.jpa.LocalContainerEntityManagerFactoryBean - Initialized JPA EntityManagerFactory for persistence unit 'default'
14:10:32.020 21/10/2024 [main] INFO  org.springframework.data.jpa.repository.query.QueryEnhancerFactory - Hibernate is in classpath; If applicable, HQL parser will be used.
14:10:32.470 21/10/2024 [main] INFO  org.springframework.security.config.annotation.authentication.configuration.InitializeAuthenticationProviderBeanManagerConfigurer$InitializeAuthenticationProviderManagerConfigurer - Global AuthenticationManager configured with AuthenticationProvider bean with name authenticationProvider
14:10:32.471 21/10/2024 [main] WARN  org.springframework.security.config.annotation.authentication.configuration.InitializeUserDetailsBeanManagerConfigurer$InitializeUserDetailsManagerConfigurer - Global AuthenticationManager configured with an AuthenticationProvider bean. UserDetailsService beans will not be used for username/password login. Consider removing the AuthenticationProvider bean. Alternatively, consider using the UserDetailsService in a manually instantiated DaoAuthenticationProvider.
14:10:33.325 21/10/2024 [main] WARN  org.springframework.boot.autoconfigure.orm.jpa.JpaBaseConfiguration$JpaWebConfiguration - spring.jpa.open-in-view is enabled by default. Therefore, database queries may be performed during view rendering. Explicitly configure spring.jpa.open-in-view to disable this warning
14:10:33.753 21/10/2024 [main] INFO  org.springframework.boot.actuate.endpoint.web.EndpointLinksResolver - Exposing 1 endpoint beneath base path '/actuator'
14:10:33.877 21/10/2024 [main] INFO  org.springframework.security.web.DefaultSecurityFilterChain - Will secure any request with [org.springframework.security.web.session.DisableEncodeUrlFilter@198fb504, org.springframework.security.web.context.request.async.WebAsyncManagerIntegrationFilter@57f1cb96, org.springframework.security.web.context.SecurityContextHolderFilter@785fd189, org.springframework.security.web.header.HeaderWriterFilter@12ce5274, org.springframework.web.filter.CorsFilter@274b3fc6, org.springframework.security.web.authentication.logout.LogoutFilter@67b1f69, org.springframework.security.oauth2.client.web.OAuth2AuthorizationRequestRedirectFilter@228a6823, org.springframework.security.oauth2.client.web.OAuth2LoginAuthenticationFilter@2396e6e1, BackEnd.Configure.WebSecurity.JWTAuthorizationFilter@6fd9dbe6, org.springframework.security.web.authentication.www.BasicAuthenticationFilter@73536bcc, org.springframework.security.web.savedrequest.RequestCacheAwareFilter@5d388611, org.springframework.security.web.servletapi.SecurityContextHolderAwareRequestFilter@67ba7db3, org.springframework.security.web.authentication.AnonymousAuthenticationFilter@9e3c653, org.springframework.security.web.session.SessionManagementFilter@4a5c29dc, org.springframework.security.web.access.ExceptionTranslationFilter@44b3d336, org.springframework.security.web.access.intercept.AuthorizationFilter@2541c84]
14:10:34.062 21/10/2024 [main] WARN  org.springframework.boot.autoconfigure.thymeleaf.ThymeleafAutoConfiguration$DefaultTemplateResolverConfiguration - Cannot find template location: classpath:/templates/ (please add some templates, check your Thymeleaf configuration, or set spring.thymeleaf.check-template-location=false)
14:10:34.302 21/10/2024 [main] INFO  org.apache.coyote.http11.Http11NioProtocol - Starting ProtocolHandler ["http-nio-8080"]
14:10:34.323 21/10/2024 [main] INFO  org.springframework.boot.web.embedded.tomcat.TomcatWebServer - Tomcat started on port 8080 (http) with context path '/api'
14:10:34.335 21/10/2024 [main] INFO  BackEnd.BackEndApplication - Started BackEndApplication in 17.75 seconds (process running for 18.57)
14:10:34.668 21/10/2024 [RMI TCP Connection(2)-127.0.0.1] INFO  org.apache.catalina.core.ContainerBase.[Tomcat].[localhost].[/api] - Initializing Spring DispatcherServlet 'dispatcherServlet'
14:10:34.668 21/10/2024 [RMI TCP Connection(2)-127.0.0.1] INFO  org.springframework.web.servlet.DispatcherServlet - Initializing Servlet 'dispatcherServlet'
14:10:34.670 21/10/2024 [RMI TCP Connection(2)-127.0.0.1] INFO  org.springframework.web.servlet.DispatcherServlet - Completed initialization in 2 ms
14:10:40.863 21/10/2024 [http-nio-8080-exec-4] WARN  org.springframework.data.web.config.SpringDataJacksonConfiguration$PageModule$PlainPageSerializationWarning - Serializing PageImpl instances as-is is not supported, meaning that there is no guarantee about the stability of the resulting JSON structure!
	For a stable JSON structure, please use Spring Data's PagedModel (globally via @EnableSpringDataWebSupport(pageSerializationMode = VIA_DTO))
	or Spring HATEOAS and Spring Data's PagedResourcesAssembler as documented in https://docs.spring.io/spring-data/commons/reference/repositories/core-extensions.html#core.web.pageables.

